make all --print-data-base --no-builtin-variables --no-builtin-rules --question
make: *** No rule to make target 'all'.  Stop.
 
# GNU Make 4.2.1
# Built for x86_64-apple-darwin13.4.0
# Copyright (C) 1988-2016 Free Software Foundation, Inc.
# License GPLv3+: GNU GPL version 3 or later <http://gnu.org/licenses/gpl.html>
# This is free software: you are free to change and redistribute it.
# There is NO WARRANTY, to the extent permitted by law.
 

# Make data base, printed on Tue Dec 21 06:10:51 2021

# Variables

# automatic
<D = $(patsubst %/,%,$(dir $<))
# automatic
?F = $(notdir $?)
# environment
STRINGS = /Users/millancastro/anaconda3/bin/x86_64-apple-darwin13.4.0-strings
# default
.SHELLFLAGS := -c
# environment
VRAY_OSL_PATH_x64 = /Applications/ChaosGroup/V-Ray/Standalone_for_mavericks_x64/opensl
# environment
VSCODE_LOG_NATIVE = false
# environment
CLANG = /Users/millancastro/anaconda3/bin/x86_64-apple-darwin13.4.0-clang
# environment
NVM_INC = /Users/millancastro/.nvm/versions/node/v13.0.1/include/node
# environment
CONDA_BUILD_SYSROOT = /Library/Developer/CommandLineTools/SDKs/MacOSX10.14.sdk
# environment
CPPFLAGS = -D_FORTIFY_SOURCE=2 -mmacosx-version-min=10.9
# environment
rvm_path = /Users/millancastro/.rvm
# automatic
@D = $(patsubst %/,%,$(dir $@))
# automatic
@F = $(notdir $@)
# environment
CPCT_PATH = /Users/millancastro/cpctelera/cpctelera
# makefile
SHELL = /bin/sh
# environment
NM = /Users/millancastro/anaconda3/bin/x86_64-apple-darwin13.4.0-nm
# environment
VSCODE_NLS_CONFIG = {"locale":"es","availableLanguages":{"*":"es"},"_languagePackId":"fa6f876e1c743338f898790350c03833.es","_translationsConfigFile":"/Users/millancastro/Library/Application Support/Code/clp/fa6f876e1c743338f898790350c03833.es/tcf.json","_cacheRoot":"/Users/millancastro/Library/Application Support/Code/clp/fa6f876e1c743338f898790350c03833.es","_resolvedLanguagePackCoreLocation":"/Users/millancastro/Library/Application Support/Code/clp/fa6f876e1c743338f898790350c03833.es/899d46d82c4c95423fb7e10e68eba52050e30ba3","_corruptedFile":"/Users/millancastro/Library/Application Support/Code/clp/fa6f876e1c743338f898790350c03833.es/corrupted.info","_languagePackSupport":true}
# environment
_ = /Users/millancastro/anaconda3/bin/make
# environment
CFLAGS = -march=core2 -mtune=haswell -mssse3 -ftree-vectorize -fPIC -fPIE -fstack-protector-strong -O2 -pipe
# environment
F90 = /Users/millancastro/anaconda3/bin/x86_64-apple-darwin13.4.0-gfortran
# environment
VRAY_SDK = /Applications/ChaosGroup/V-Ray/Standalone_for_mavericks_x64
# environment
SEG_HACK = /Users/millancastro/anaconda3/bin/x86_64-apple-darwin13.4.0-seg_hack
# makefile
MAKEFILE_LIST := 
# environment
LIPO = /Users/millancastro/anaconda3/bin/x86_64-apple-darwin13.4.0-lipo
# 'override' directive
GNUMAKEFLAGS := 
# automatic
?D = $(patsubst %/,%,$(dir $?))
# environment
CXXFLAGS = -march=core2 -mtune=haswell -mssse3 -ftree-vectorize -fPIC -fPIE -fstack-protector-strong -O2 -pipe -stdlib=libc++ -fvisibility-inlines-hidden -std=c++14 -fmessage-length=0
# environment
CODESIGN_ALLOCATE = /Users/millancastro/anaconda3/bin/x86_64-apple-darwin13.4.0-codesign_allocate
# environment
VSCODE_VERBOSE_LOGGING = true
# environment
CC = x86_64-apple-darwin13.4.0-clang
# environment
INSTALL_NAME_TOOL = /Users/millancastro/anaconda3/bin/x86_64-apple-darwin13.4.0-install_name_tool
# environment
_CONDA_PYTHON_SYSCONFIGDATA_NAME = _sysconfigdata_x86_64_apple_darwin13_4_0
# environment
VSCODE_IPC_HOOK_EXTHOST = /var/folders/_4/3k6mg0w15_s4nc123vlzgy440000gn/T/vscode-ipc-b72fa524-dab5-4876-a32c-3ed6e6b4ca25.sock
# environment
VSCODE_CWD = /
# environment
Apple_PubSub_Socket_Render = /private/tmp/com.apple.launchd.SdHL11FHoE/Render
# default
MAKE_HOST := x86_64-apple-darwin13.4.0
# environment
PATH = /Users/millancastro/anaconda3/bin:/Users/millancastro/anaconda3/condabin:/Users/millancastro/.nvm/versions/node/v13.0.1/bin:/usr/local/bin:/usr/bin:/bin:/usr/sbin:/sbin:/Library/TeX/texbin:/usr/local/go/bin:/usr/local/share/dotnet:/opt/X11/bin:~/.dotnet/tools:/Library/Frameworks/Mono.framework/Versions/Current/Commands:/Applications/Wireshark.app/Contents/MacOS:/Users/millancastro/cpctelera/cpctelera/tools/scripts:/Users/millancastro/.rvm/bin
# environment
LD = /Users/millancastro/anaconda3/bin/x86_64-apple-darwin13.4.0-ld
# makefile
CURDIR := /Users/millancastro/Dev/CModernApproach
# environment
FFLAGS = -march=nocona -mtune=core2 -ftree-vectorize -fPIC -fstack-protector -O2 -pipe
# environment
VSCODE_HANDLES_UNCAUGHT_ERRORS = true
# environment
DEBUG_FFLAGS = -march=nocona -mtune=core2 -ftree-vectorize -fPIC -fstack-protector -O2 -pipe -march=nocona -mtune=core2 -ftree-vectorize -fPIC -fstack-protector -O2 -pipe -Og -g -Wall -Wextra -fcheck=all -fbacktrace -fimplicit-none -fvar-tracking-assignments
# environment
CHECKSYMS = /Users/millancastro/anaconda3/bin/x86_64-apple-darwin13.4.0-checksyms
# environment
OTOOL = /Users/millancastro/anaconda3/bin/x86_64-apple-darwin13.4.0-otool
# environment
NVM_BIN = /Users/millancastro/.nvm/versions/node/v13.0.1/bin
# environment
VRAY_PATH = :/Applications/ChaosGroup/V-Ray/Standalone_for_mavericks_x64/bin/mavericks_x64/gcc-4.2
# environment
AR = /Users/millancastro/anaconda3/bin/x86_64-apple-darwin13.4.0-ar
# environment
VSCODE_LOG_STACK = false
# environment
SEG_ADDR_TABLE = /Users/millancastro/anaconda3/bin/x86_64-apple-darwin13.4.0-seg_addr_table
# environment
ELECTRON_RUN_AS_NODE = 1
# environment
LDFLAGS = -Wl,-pie -Wl,-headerpad_max_install_names -Wl,-dead_strip_dylibs
# default
.FEATURES := target-specific order-only second-expansion else-if shortest-stem undefine oneshell archives jobserver output-sync check-symlink load
# environment
SSH_AUTH_SOCK = /private/tmp/com.apple.launchd.0RJJzpomPp/Listeners
# environment
SIZE = /Users/millancastro/anaconda3/bin/x86_64-apple-darwin13.4.0-size
# automatic
%F = $(notdir $%)
# environment
DISPLAY = /private/tmp/com.apple.launchd.AA7k8ad0ws/org.macosforge.xquartz:0
# environment
CONDA_EXE = /Users/millancastro/anaconda3/bin/conda
# environment
LIBTOOL = /Users/millancastro/anaconda3/bin/x86_64-apple-darwin13.4.0-libtool
# environment
VSCODE_PIPE_LOGGING = true
# environment
rvm_bin_path = /Users/millancastro/.rvm/bin
# environment
PWD = /Users/millancastro/Dev/CModernApproach
# default
.LOADED := 
# environment
RANLIB = /Users/millancastro/anaconda3/bin/x86_64-apple-darwin13.4.0-ranlib
# environment
ORIGINAL_XDG_CURRENT_DESKTOP = undefined
# environment
VSCODE_AMD_ENTRYPOINT = vs/workbench/services/extensions/node/extensionHostProcess
# environment
HOME = /Users/millancastro
# automatic
+D = $(patsubst %/,%,$(dir $+))
# environment
VSCODE_CODE_CACHE_PATH = /Users/millancastro/Library/Application Support/Code/CachedData/899d46d82c4c95423fb7e10e68eba52050e30ba3
# environment
LOGNAME = millancastro
# environment
APPLICATION_INSIGHTS_NO_DIAGNOSTIC_CHANNEL = true
# environment
CONDA_PROMPT_MODIFIER = (base) 
# environment
NVM_CD_FLAGS = 
# environment
LDFLAGS_LD = -pie -headerpad_max_install_names -dead_strip_dylibs
# environment
CONDA_BACKUP_HOST = x86_64-apple-darwin13.4.0
# automatic
^D = $(patsubst %/,%,$(dir $^))
# environment
MAKELEVEL := 0
# environment
CONDA_DEFAULT_ENV = base
# environment
XPC_FLAGS = 0x0
# default
MAKE = $(MAKE_COMMAND)
# environment
INDR = /Users/millancastro/anaconda3/bin/x86_64-apple-darwin13.4.0-indr
# default
MAKECMDGOALS := all
# environment
SHLVL = 2
# environment
AS = /Users/millancastro/anaconda3/bin/x86_64-apple-darwin13.4.0-as
# environment
GFORTRAN = /Users/millancastro/anaconda3/bin/x86_64-apple-darwin13.4.0-gfortran
# environment
JAVA_HOME = /Library/Java/JavaVirtualMachines/jdk1.8.0_111.jdk/ContentS/Home
# default
MAKE_VERSION := 4.2.1
# environment
 
USER = millancastro
# environment
VRAY_MDL_PATH_x64 = /Applications/ChaosGroup/V-Ray/Standalone_for_mavericks_x64/mdl
# environment
FC = /Users/millancastro/anaconda3/bin/x86_64-apple-darwin13.4.0-gfortran
# makefile
.DEFAULT_GOAL := 
# environment
rvm_version = 1.29.10 (latest)
# automatic
%D = $(patsubst %/,%,$(dir $%))
# environment
CONDA_SHLVL = 1
# default
MAKE_COMMAND := make
# environment
F77 = /Users/millancastro/anaconda3/bin/x86_64-apple-darwin13.4.0-gfortran
# default
.VARIABLES := 
# environment
TMPDIR = /var/folders/_4/3k6mg0w15_s4nc123vlzgy440000gn/T/
# automatic
*F = $(notdir $*)
# environment
VSCODE_IPC_HOOK = /Users/millancastro/Library/Application Support/Code/1.63.2-main.sock
# environment
NMEDIT = /Users/millancastro/anaconda3/bin/x86_64-apple-darwin13.4.0-nmedit
# makefile
MAKEFLAGS = pqrR
# environment
PAGESTUFF = /Users/millancastro/anaconda3/bin/x86_64-apple-darwin13.4.0-pagestuff
# environment
MFLAGS = -pqrR
# automatic
*D = $(patsubst %/,%,$(dir $*))
# environment
NVM_DIR = /Users/millancastro/.nvm
# environment
XPC_SERVICE_NAME = com.microsoft.VSCode.53184
# environment
CLANGXX = /Users/millancastro/anaconda3/bin/x86_64-apple-darwin13.4.0-clang++
# environment
SEGEDIT = /Users/millancastro/anaconda3/bin/x86_64-apple-darwin13.4.0-segedit
# automatic
+F = $(notdir $+)
# environment
STRIP = /Users/millancastro/anaconda3/bin/x86_64-apple-darwin13.4.0-strip
# environment
__CF_USER_TEXT_ENCODING = 0x1F5:0x0:0x8
# default
MAKEFILES := 
# automatic
<F = $(notdir $<)
# environment
F95 = /Users/millancastro/anaconda3/bin/x86_64-apple-darwin13.4.0-gfortran
# environment
CXX = x86_64-apple-darwin13.4.0-clang++
# environment
LC_ALL = C
# environment
FORTRANFLAGS = -march=nocona -mtune=core2 -ftree-vectorize -fPIC -fstack-protector -O2 -pipe
# environment
CONDA_PYTHON_EXE = /Users/millancastro/anaconda3/bin/python
# environment
DEBUG_FORTRANFLAGS = -march=nocona -mtune=core2 -ftree-vectorize -fPIC -fstack-protector -O2 -pipe -march=nocona -mtune=core2 -ftree-vectorize -fPIC -fstack-protector -O2 -pipe -Og -g -Wall -Wextra -fcheck=all -fbacktrace -fimplicit-none -fvar-tracking-assignments
# automatic
^F = $(notdir $^)
# environment
rvm_prefix = /Users/millancastro
# default
SUFFIXES := 
# environment
_CE_M = 
# environment
REDO_PREBINDING = /Users/millancastro/anaconda3/bin/x86_64-apple-darwin13.4.0-redo_prebinding
# environment
DEBUG_CFLAGS = -march=core2 -mtune=haswell -mssse3 -ftree-vectorize -fPIC -fPIE -fstack-protector-strong -O2 -pipe -Og -g -Wall -Wextra
# default
.INCLUDE_DIRS = /usr/local/include
# default
.RECIPEPREFIX := 
# environment
CONDA_PREFIX = /Users/millancastro/anaconda3
# environment
VSCODE_PID = 971
# environment
DEBUG_CXXFLAGS = -march=core2 -mtune=haswell -mssse3 -ftree-vectorize -fPIC -fPIE -fstack-protector-strong -O2 -pipe -stdlib=libc++ -fvisibility-inlines-hidden -std=c++14 -fmessage-length=0 -Og -g -Wall -Wextra
# environment
_CE_CONDA = 
# environment
HOST = x86_64-apple-darwin13.4.0
# environment
LANG = C
# variable set hash-table stats:
# Load=133/1024=13%, Rehash=0, Collisions=14/151=9%

# Pattern-specific Variable Values

# No pattern-specific variable values.

# Directories

 
# . (device 16777224, inode 18714781): 15 files, no impossibilities.

# 15 files, no impossibilities in 1 directories.

# Implicit Rules

# No implicit rules.

# Files

# Not a target:
all:
#  Command line target.
#  Implicit rule search has been done.
#  File does not exist.
#  File has not been updated.

# Not a target:
Makefile:
#  Implicit rule search has been done.
#  File does not exist.
#  File has been updated.
#  Failed to be updated.

# Not a target:
makefile:
#  Implicit rule search has been done.
#  File does not exist.
#  File has been updated.
#  Failed to be updated.

# Not a target:
.DEFAULT:
#  Implicit rule search has not been done.
#  Modification time never checked.
#  File has not been updated.

# Not a target:
GNUmakefile:
#  Implicit rule search has been done.
#  File does not exist.
#  File has been updated.
#  Failed to be updated.

# files hash-table stats:
# Load=6/1024=1%, Rehash=0, Collisions=0/15=0%
# VPATH Search Paths

# No 'vpath' search paths.

# No general ('VPATH' variable) search path.

# strcache buffers: 1 (0) / strings = 22 / storage = 270 B / avg = 12 B
# current buf: size = 8162 B / used = 270 B / count = 22 / avg = 12 B

# strcache performance: lookups = 24 / hit rate = 8%
# hash-table stats:
# Load=22/8192=0%, Rehash=0, Collisions=1/24=4%
# Finished Make data base on Tue Dec 21 06:10:51 2021

 
